0 verbose cli C:\Program Files\nodejs\node.exe C:\Users\hp\AppData\Roaming\npm\node_modules\npm\bin\npm-cli.js
1 info using npm@11.4.1
2 info using node@v23.11.0
3 silly config load:file:C:\Users\hp\AppData\Roaming\npm\node_modules\npm\npmrc
4 silly config load:file:C:\cursor\otizm-kivilcim\.npmrc
5 silly config load:file:C:\Users\hp\.npmrc
6 silly config load:file:C:\Users\hp\AppData\Roaming\npm\etc\npmrc
7 verbose title npm run lint
8 verbose argv "run" "lint" "--cache" "false"
9 verbose logfile logs-max:10 dir:C:\cursor\otizm-kivilcim\false\_logs\2025-07-05T19_23_08_985Z-
10 verbose logfile C:\cursor\otizm-kivilcim\false\_logs\2025-07-05T19_23_08_985Z-debug-0.log
11 silly logfile done cleaning log files
12 http fetch GET 200 https://registry.npmjs.org/npm 321ms
13 verbose cwd C:\cursor\otizm-kivilcim
14 verbose os Windows_NT 10.0.26120
15 verbose node v23.11.0
16 verbose npm  v11.4.1
17 notice
17 notice New patch version of npm available! 11.4.1 -> 11.4.2
17 notice Changelog: https://github.com/npm/cli/releases/tag/v11.4.2
17 notice To update run: npm install -g npm@11.4.2
17 notice  { force: true, [Symbol(proc-log.meta)]: true }
18 verbose exit 0
19 info ok
